<?xml version="1.0" encoding="UTF-8"?>
<testng-results skipped="0" failed="0" ignored="0" total="3" passed="3">
  <reporter-output>
  </reporter-output>
  <suite name="Default suite" duration-ms="26225" started-at="2019-08-31T08:56:28Z" finished-at="2019-08-31T08:56:54Z">
    <groups>
    </groups>
    <test name="Default test" duration-ms="26225" started-at="2019-08-31T08:56:28Z" finished-at="2019-08-31T08:56:54Z">
      <class name="com.How_to_run_Multiple_Test_Suite_in_TestNG.Demo_How_to_run_Multiple_Test_in_TestNG">
        <test-method status="PASS" signature="beforeSuite()[pri:0, instance:com.How_to_run_Multiple_Test_Suite_in_TestNG.Demo_How_to_run_Multiple_Test_in_TestNG@475530b9]" name="beforeSuite" is-config="true" duration-ms="48" started-at="2019-08-31T08:56:28Z" finished-at="2019-08-31T08:56:28Z">
          <reporter-output>
          </reporter-output>
        </test-method> <!-- beforeSuite -->
        <test-method status="PASS" signature="beforeTest()[pri:0, instance:com.How_to_run_Multiple_Test_Suite_in_TestNG.Demo_How_to_run_Multiple_Test_in_TestNG@475530b9]" name="beforeTest" is-config="true" duration-ms="6927" started-at="2019-08-31T08:56:28Z" finished-at="2019-08-31T08:56:35Z">
          <reporter-output>
          </reporter-output>
        </test-method> <!-- beforeTest -->
        <test-method status="PASS" signature="beforeClass()[pri:0, instance:com.How_to_run_Multiple_Test_Suite_in_TestNG.Demo_How_to_run_Multiple_Test_in_TestNG@475530b9]" name="beforeClass" is-config="true" duration-ms="1" started-at="2019-08-31T08:56:35Z" finished-at="2019-08-31T08:56:35Z">
          <reporter-output>
          </reporter-output>
        </test-method> <!-- beforeClass -->
        <test-method status="PASS" signature="beforeMethod()[pri:0, instance:com.How_to_run_Multiple_Test_Suite_in_TestNG.Demo_How_to_run_Multiple_Test_in_TestNG@475530b9]" name="beforeMethod" is-config="true" duration-ms="1" started-at="2019-08-31T08:56:35Z" finished-at="2019-08-31T08:56:35Z">
          <reporter-output>
          </reporter-output>
        </test-method> <!-- beforeMethod -->
        <test-method status="PASS" signature="Double_clicks_onElement()[pri:0, instance:com.How_to_run_Multiple_Test_Suite_in_TestNG.Demo_How_to_run_Multiple_Test_in_TestNG@475530b9]" name="Double_clicks_onElement" duration-ms="4310" started-at="2019-08-31T08:56:35Z" finished-at="2019-08-31T08:56:39Z">
          <reporter-output>
          </reporter-output>
        </test-method> <!-- Double_clicks_onElement -->
        <test-method status="PASS" signature="afterMethod()[pri:0, instance:com.How_to_run_Multiple_Test_Suite_in_TestNG.Demo_How_to_run_Multiple_Test_in_TestNG@475530b9]" name="afterMethod" is-config="true" duration-ms="1" started-at="2019-08-31T08:56:39Z" finished-at="2019-08-31T08:56:39Z">
          <reporter-output>
          </reporter-output>
        </test-method> <!-- afterMethod -->
        <test-method status="PASS" signature="beforeMethod()[pri:0, instance:com.How_to_run_Multiple_Test_Suite_in_TestNG.Demo_How_to_run_Multiple_Test_in_TestNG@475530b9]" name="beforeMethod" is-config="true" duration-ms="1" started-at="2019-08-31T08:56:39Z" finished-at="2019-08-31T08:56:39Z">
          <reporter-output>
          </reporter-output>
        </test-method> <!-- beforeMethod -->
        <test-method status="PASS" signature="Keyboard_Events_keyDown()[pri:0, instance:com.How_to_run_Multiple_Test_Suite_in_TestNG.Demo_How_to_run_Multiple_Test_in_TestNG@475530b9]" name="Keyboard_Events_keyDown" duration-ms="4028" started-at="2019-08-31T08:56:39Z" finished-at="2019-08-31T08:56:43Z">
          <reporter-output>
          </reporter-output>
        </test-method> <!-- Keyboard_Events_keyDown -->
        <test-method status="PASS" signature="afterMethod()[pri:0, instance:com.How_to_run_Multiple_Test_Suite_in_TestNG.Demo_How_to_run_Multiple_Test_in_TestNG@475530b9]" name="afterMethod" is-config="true" duration-ms="0" started-at="2019-08-31T08:56:43Z" finished-at="2019-08-31T08:56:43Z">
          <reporter-output>
          </reporter-output>
        </test-method> <!-- afterMethod -->
        <test-method status="PASS" signature="dragAndDrop()[pri:0, instance:com.How_to_run_Multiple_Test_Suite_in_TestNG.Demo_How_to_run_Multiple_Test_in_TestNG@475530b9]" name="dragAndDrop" duration-ms="8487" started-at="2019-08-31T08:56:43Z" finished-at="2019-08-31T08:56:52Z">
          <reporter-output>
          </reporter-output>
        </test-method> <!-- dragAndDrop -->
        <test-method status="PASS" signature="beforeMethod()[pri:0, instance:com.How_to_run_Multiple_Test_Suite_in_TestNG.Demo_How_to_run_Multiple_Test_in_TestNG@475530b9]" name="beforeMethod" is-config="true" duration-ms="0" started-at="2019-08-31T08:56:43Z" finished-at="2019-08-31T08:56:43Z">
          <reporter-output>
          </reporter-output>
        </test-method> <!-- beforeMethod -->
        <test-method status="PASS" signature="afterMethod()[pri:0, instance:com.How_to_run_Multiple_Test_Suite_in_TestNG.Demo_How_to_run_Multiple_Test_in_TestNG@475530b9]" name="afterMethod" is-config="true" duration-ms="1" started-at="2019-08-31T08:56:52Z" finished-at="2019-08-31T08:56:52Z">
          <reporter-output>
          </reporter-output>
        </test-method> <!-- afterMethod -->
        <test-method status="PASS" signature="afterClass()[pri:0, instance:com.How_to_run_Multiple_Test_Suite_in_TestNG.Demo_How_to_run_Multiple_Test_in_TestNG@475530b9]" name="afterClass" is-config="true" duration-ms="0" started-at="2019-08-31T08:56:52Z" finished-at="2019-08-31T08:56:52Z">
          <reporter-output>
          </reporter-output>
        </test-method> <!-- afterClass -->
        <test-method status="PASS" signature="afterTest()[pri:0, instance:com.How_to_run_Multiple_Test_Suite_in_TestNG.Demo_How_to_run_Multiple_Test_in_TestNG@475530b9]" name="afterTest" is-config="true" duration-ms="2419" started-at="2019-08-31T08:56:52Z" finished-at="2019-08-31T08:56:54Z">
          <reporter-output>
          </reporter-output>
        </test-method> <!-- afterTest -->
        <test-method status="PASS" signature="afterSuite()[pri:0, instance:com.How_to_run_Multiple_Test_Suite_in_TestNG.Demo_How_to_run_Multiple_Test_in_TestNG@475530b9]" name="afterSuite" is-config="true" duration-ms="1" started-at="2019-08-31T08:56:54Z" finished-at="2019-08-31T08:56:54Z">
          <reporter-output>
          </reporter-output>
        </test-method> <!-- afterSuite -->
      </class> <!-- com.How_to_run_Multiple_Test_Suite_in_TestNG.Demo_How_to_run_Multiple_Test_in_TestNG -->
    </test> <!-- Default test -->
  </suite> <!-- Default suite -->
</testng-results>
