<?xml version="1.0" encoding="UTF-8"?>
<!-- Generated by org.testng.reporters.JUnitXMLReporter -->
<testsuite hostname="QAPPS02" ignored="0" name="Default test" tests="3" failures="0" timestamp="31 Aug 2019 08:56:54 GMT" time="26.225" errors="0">
  <testcase name="Double_clicks_onElement" time="4.31" classname="com.How_to_run_Multiple_Test_Suite_in_TestNG.Demo_How_to_run_Multiple_Test_in_TestNG"/>
  <testcase name="Keyboard_Events_keyDown" time="4.028" classname="com.How_to_run_Multiple_Test_Suite_in_TestNG.Demo_How_to_run_Multiple_Test_in_TestNG"/>
  <testcase name="dragAndDrop" time="8.487" classname="com.How_to_run_Multiple_Test_Suite_in_TestNG.Demo_How_to_run_Multiple_Test_in_TestNG"/>
</testsuite> <!-- Default test -->
